<note>
<link type="text/css" rel="stylesheet" id="dark-mode-custom-link"/>
<link type="text/css" rel="stylesheet" id="dark-mode-general-link"/>
<style lang="en" type="text/css" id="dark-mode-custom-style"/>
<style lang="en" type="text/css" id="dark-mode-native-style"/>
<to>Tove</to>
<from>Jani</from>
<heading>Reminder</heading>
<body>Don't forget me this weekend!</body>
</note>